<?xml version="1.0" encoding="UTF-8"?>
<!-- Generated by org.testng.reporters.JUnitXMLReporter -->
<testsuite ignored="0" hostname="MSI" failures="0" tests="7" name="FirstTest" time="0.065" errors="0" timestamp="2022-12-24T08:15:03 IST">
  <testcase classname="Day2.TestNGGroups" name="a_method" time="0.005"/>
  <testcase classname="Day2.TestNGGroups" name="b_method" time="0.0"/>
  <testcase classname="Day2.TestNGGroups" name="c_method" time="0.0"/>
  <testcase classname="Day2.TestNGGroups" name="d_method" time="0.0"/>
  <testcase classname="Day2.TestNGGroups" name="e_method" time="0.001"/>
  <testcase classname="Day2.TestNGGroups" name="f_method" time="0.0"/>
  <testcase classname="Day2.TestNGGroups" name="g_method" time="0.0"/>
</testsuite> <!-- FirstTest -->
