<?xml version="1.0" encoding="UTF-8"?>
<testng-results ignored="0" total="7" passed="7" failed="0" skipped="0">
  <reporter-output>
  </reporter-output>
  <suite started-at="2022-12-24T08:15:02 IST" name="Test-Suite" finished-at="2022-12-24T08:15:03 IST" duration-ms="65">
    <groups>
      <group name="sanity1">
        <method signature="TestNGGroups.b_method()[pri:0, instance:Day2.TestNGGroups@7e9131d5]" name="b_method" class="Day2.TestNGGroups"/>
      </group> <!-- sanity1 -->
      <group name="sanity2">
        <method signature="TestNGGroups.c_method()[pri:0, instance:Day2.TestNGGroups@7e9131d5]" name="c_method" class="Day2.TestNGGroups"/>
      </group> <!-- sanity2 -->
      <group name="sanity3">
        <method signature="TestNGGroups.d_method()[pri:0, instance:Day2.TestNGGroups@7e9131d5]" name="d_method" class="Day2.TestNGGroups"/>
      </group> <!-- sanity3 -->
      <group name="smoke">
        <method signature="TestNGGroups.e_method()[pri:0, instance:Day2.TestNGGroups@7e9131d5]" name="e_method" class="Day2.TestNGGroups"/>
        <method signature="TestNGGroups.f_method()[pri:0, instance:Day2.TestNGGroups@7e9131d5]" name="f_method" class="Day2.TestNGGroups"/>
        <method signature="TestNGGroups.g_method()[pri:0, instance:Day2.TestNGGroups@7e9131d5]" name="g_method" class="Day2.TestNGGroups"/>
      </group> <!-- smoke -->
      <group name="sanity">
        <method signature="TestNGGroups.a_method()[pri:0, instance:Day2.TestNGGroups@7e9131d5]" name="a_method" class="Day2.TestNGGroups"/>
      </group> <!-- sanity -->
    </groups>
    <test started-at="2022-12-24T08:15:02 IST" name="FirstTest" finished-at="2022-12-24T08:15:03 IST" duration-ms="65">
      <class name="Day2.TestNGGroups">
        <test-method signature="a_method()[pri:0, instance:Day2.TestNGGroups@7e9131d5]" started-at="2022-12-24T08:15:03 IST" name="a_method" finished-at="2022-12-24T08:15:03 IST" duration-ms="5" status="PASS">
          <reporter-output>
          </reporter-output>
        </test-method> <!-- a_method -->
        <test-method signature="b_method()[pri:0, instance:Day2.TestNGGroups@7e9131d5]" started-at="2022-12-24T08:15:03 IST" name="b_method" finished-at="2022-12-24T08:15:03 IST" duration-ms="0" status="PASS">
          <reporter-output>
          </reporter-output>
        </test-method> <!-- b_method -->
        <test-method signature="c_method()[pri:0, instance:Day2.TestNGGroups@7e9131d5]" started-at="2022-12-24T08:15:03 IST" name="c_method" finished-at="2022-12-24T08:15:03 IST" duration-ms="0" status="PASS">
          <reporter-output>
          </reporter-output>
        </test-method> <!-- c_method -->
        <test-method signature="d_method()[pri:0, instance:Day2.TestNGGroups@7e9131d5]" started-at="2022-12-24T08:15:03 IST" name="d_method" finished-at="2022-12-24T08:15:03 IST" duration-ms="0" status="PASS">
          <reporter-output>
          </reporter-output>
        </test-method> <!-- d_method -->
        <test-method signature="e_method()[pri:0, instance:Day2.TestNGGroups@7e9131d5]" started-at="2022-12-24T08:15:03 IST" name="e_method" finished-at="2022-12-24T08:15:03 IST" duration-ms="1" status="PASS">
          <reporter-output>
          </reporter-output>
        </test-method> <!-- e_method -->
        <test-method signature="f_method()[pri:0, instance:Day2.TestNGGroups@7e9131d5]" started-at="2022-12-24T08:15:03 IST" name="f_method" finished-at="2022-12-24T08:15:03 IST" duration-ms="0" status="PASS">
          <reporter-output>
          </reporter-output>
        </test-method> <!-- f_method -->
        <test-method signature="g_method()[pri:0, instance:Day2.TestNGGroups@7e9131d5]" started-at="2022-12-24T08:15:03 IST" name="g_method" finished-at="2022-12-24T08:15:03 IST" duration-ms="0" status="PASS">
          <reporter-output>
          </reporter-output>
        </test-method> <!-- g_method -->
      </class> <!-- Day2.TestNGGroups -->
    </test> <!-- FirstTest -->
  </suite> <!-- Test-Suite -->
</testng-results>
